<CORPUS>
<PAIR>
<BEFORE>Informasi-informasi seputar magang baik itu perihal pengalaman, kenyamanan lingkungan kerja, gaji, dan perhitungan lain, penulis dapati pada awalnya dengan bertanya kepada senior yang melaksanakan kerja praktik pada tahun 2015.</BEFORE>
<AFTER>Informasi seputar magang baik itu perihal pengalaman, kenyamanan lingkungan kerja, gaji, dan perhitungan lain, penulis dapati pada awalnya dengan bertanya kepada senior yang melaksanakan kerja praktik pada tahun 2015.</AFTER>
<ERRTYPE>REDUNDANT</ERRTYPE>
</PAIR>

<PAIR>
<BEFORE>Terdapat banyak sekali referensi yang cukup baik serta saran untuk kerja praktik pada <it>startup-</it> <it>startup</it> seperti Tokopedia, Bukalapak, Traveloka, Veritrans, dan lain-lain.</BEFORE>
<AFTER>Terdapat banyak sekali referensi yang cukup baik serta saran untuk kerja praktik pada <it>startup-startup</it> seperti Tokopedia, Bukalapak, Traveloka, Veritrans, dan lain-lain.</AFTER>
<ERRTYPE>ITALIC</ERRTYPE>
</PAIR>

<PAIR>
<BEFORE>Struktur organisasi lengkap pada Bukalapak dapat dilihat pada gambar berikut. <it>Gambar</it> <it>1:</it> <it>Struktur</it> <it>Organisasi</it> <it>Bukalapak</it><it>Software</it> <it>engineer</it> dibagi menjadi beberapa divisi yang mempunyai fokus kerja masing-masing. Sebagai seorang <it>back</it> <it>end</it> <it>developer</it> <it>software</it> <it>engineer,</it> penulis diposisikan untuk berada di tim <it>Revention.</it> Tim <it>Revention</it> berfokus pada <it>developing</it> dan <it>maintaining</it> fitur-fitur pada produk Bukalapak yang berfokus pada fitur untuk pendapatan perusahaan serta membuat <it>user</it> (pembeli) kembali berbelanja lagi di Bukalapak. Pada tim ini terdapat satu <it>Product</it> <it>Manager</it> (PM), beberapa <it>front</it> <it>end</it> dan <it>backend</it> <it>developer,</it> serta satu orang <it>Quality</it> <it>Assurance.</it></BEFORE>
<AFTER>Struktur organisasi pada Bukalapak dapat dilihat pada gambar struktur organisasi Bukalapak berikut. Gambar 1. Struktur Organisasi Bukalapak <it>Software</it> <it>engineer</it> dibagi menjadi beberapa divisi yang mempunyai fokus kerja masing-masing. Sebagai seorang <it>back</it> <it>end</it> <it>developer</it> <it>software</it> <it>engineer,</it> penulis diposisikan untuk berada di tim Revention. Tim Revention berfokus pada <it>developing</it> dan <it>maintaining</it> fitur-fitur pada produk Bukalapak yang berkaitan dengan pendapatan perusahaan, serta membuat <it>user</it> (pembeli) kembali berbelanja lagi di Bukalapak. Pada tim ini terdapat satu <it>Product</it> <it>Manager</it> (PM), beberapa <it>front</it> <it>end</it> dan <it>backend</it> <it>developer,</it> serta satu orang <it>Quality</it> <it>Assurance.</it></AFTER>
<ERRTYPE>SPLIT</ERRTYPE>
</PAIR>

<PAIR>
<BEFORE>Pada bagian <it>logic</it> untuk <it>front-</it> <it>end,</it> Rails juga menggunakan coffee-script di mana fungsinya adala sebagai <it>pre-</it> <it>processing</it> untuk javascript dengan <it>syntax</it> yang dipermudah dan diperjelas secara intuitif.</BEFORE>
<AFTER>Pada bagian <it>logic</it> untuk <it>front-end,</it> Rails juga menggunakan coffee-script di mana fungsinya adala sebagai <it>pre-processing</it> untuk javascript dengan <it>syntax</it> yang dipermudah dan diperjelas secara intuitif.</AFTER>
<ERRTYPE>SPLIT</ERRTYPE>
</PAIR>

<PAIR>
<BEFORE>Mongoid adalah ODM (<it>Object-Document-Mapper)</it> untuk model pada Rails dan digunakan sebagai pelengkap ORM (<it>Object-Relational-Mapper)</it> pada Rails.</BEFORE>
<AFTER>Mongoid adalah ODM (<it>Object-Document-</it> <it>Mapper)</it> untuk model pada Rails dan digunakan sebagai pelengkap ORM (<it>Object-</it> <it>Relational-Mapper)</it> pada Rails.</AFTER>
<ERRTYPE>ITALIC</ERRTYPE>
</PAIR>

<PAIR>
<BEFORE>Hal ini disebabkan karena metode pengembangan <it>software</it> pada Bukalapak yang bersifat <it>agile.</it> Belum terdapat detail dari fitur yang dapat dikerjakan oleh penulis karena <it>backlog</it> yang ada mungkin saja berkurang atau bertambah pada <it>sprint</it> berikutnya.</BEFORE>
<AFTER>Hal ini karena metode pengembangan <it>software</it> pada Bukalapak yang bersifat <it>agile.</it> Belum terdapat detail dari fitur yang dapat dikerjakan oleh penulis karena <it>backlog</it> yang ada mungkin saja berkurang atau bertambah pada <it>sprint</it> berikutnya.</AFTER>
<ERRTYPE>SPLIT</ERRTYPE>
</PAIR>

<PAIR>
<BEFORE>Pengerjaan fitur tersebut dilakukan kurang lebih selama satu-dua minggu bersamaan dengan pembelajaran <it>framework</it> yang digunakan.</BEFORE>
<AFTER>Pengerjaan fitur tersebut dilakukan kurang lebih selama satu-dua minggu bersamaan dengan pembelajaran <it>framework</it>yang digunakan.</AFTER>
<ERRTYPE>ITALIC</ERRTYPE>
</PAIR>

<PAIR>
<BEFORE>Selama masa KP, penulis mengerjakan berbagai fitur yang terkait dengan <it>retention</it> dan <it>revenue</it> Bukalapak.</BEFORE>
<AFTER>Selama masa KP, penulis mengerjakan berbagai fitur yang terkait dengan <it>retention</it> dan pendapatan (<it>revenue)</it> Bukalapak.</AFTER>
<ERRTYPE>ITALIC</ERRTYPE>
</PAIR>

<PAIR>
<BEFORE>Pada saat itu, penulis mencoba untuk mendaftarkan diri pada tiga perusahaan yang berada di luar negeri: Google Inc., Sabre Coorporation, dan Siemens United Kingdom (UK).</BEFORE>
<AFTER>Pada saat itu, penulis mengajukan aplikasi ketiga perusahaan yang berada di luar negeri: Google Inc., Sabre Coorporation, dan Siemens United Kingdom (UK).</AFTER>
<ERRTYPE>ITALIC</ERRTYPE>
</PAIR>

<PAIR>
<BEFORE>Untuk Google Inc. dan Sabre Coorporation, penulis dinyatakan gagal pada <it>interview</it> tahap awal.</BEFORE>
<AFTER>Pada seleksi magang di Google Inc. dan Sabre Coorporation, penulis dinyatakan gagal pada wawancara tahap awal.</AFTER>
<ERRTYPE>SPLIT</ERRTYPE>
</PAIR>

<PAIR>
<BEFORE>Karena baru tahap awal, kedua perusahaan tersebut belum bisa memberikan <it>feedback</it> terkait dengan <it>interview</it> yang dilakukan.</BEFORE>
<AFTER>Karena baru tahap awal, kedua perusahaan tersebut belum bisa memberikan <it>feedback</it> terkait dengan wawancara yang dilakukan.</AFTER>
<ERRTYPE>ITALIC</ERRTYPE>
</PAIR>

<PAIR>
<BEFORE>Sementara itu untuk <it>interview</it> kedua, yang merupakan final <it>interview,</it> dilakukan dengan <it>Project</it> <it>Manager.</it> Pertanyaan yang diberikan pada interview tahap terakhir ini lebih banyak mengenai studi kasus.</BEFORE>
<AFTER>Wawancara tahap kedua, yang merupakan <it>final</it> <it>interview,</it> dilakukan dengan <it>Project</it> <it>Manager.</it> Pertanyaan yang diberikan pada wawancara tahap akhir ini lebih banyak mengenai studi kasus.</AFTER>
<ERRTYPE>ITALIC</ERRTYPE>
</PAIR>

<PAIR>
<BEFORE>Setelah selesai mengikuti serangkaian proses seleksi, pada akhir bulan Februari 2016 penulis mendapatkan informasi bahwa Siemens UK belum bisa menerima penulis sebagai <it>intern,</it> tanpa memberikan <it>feedback</it> lebih lanjut.</BEFORE>
<AFTER>Setelah selesai mengikuti serangkaian proses seleksi pada akhir bulan Februari 2016, penulis mendapatkan informasi bahwa Siemens UK belum bisa menerima penulis sebagai <it>intern</it> tanpa memberikan <it>feedback</it> lebih lanjut.</AFTER>
<ERRTYPE>SPLIT</ERRTYPE>
</PAIR>

<PAIR>
<BEFORE>Alasannya karena Traveloka merupakan perusahaan teknologi yang paling berkembang di Indonesia dan memiliki standar yang tinggi dalam merekrut karyawannya.</BEFORE>
<AFTER>Alasannya adalah Traveloka merupakan perusahaan teknologi yang paling berkembang di Indonesia dan memiliki standar yang tinggi dalam merekrut karyawannya.</AFTER>
<ERRTYPE>ITALIC</ERRTYPE>
</PAIR>

<PAIR>
<BEFORE>Oleh karena itu, mahasiswa Fasilkom yang melaksanakan kerja praktik di sana akan “bermain”  dengan  teknologi  terbaru, dan dibimbing oleh mentor-mentor yang berkualitas.</BEFORE>
<AFTER>mahasiswa Fasilkom yang melaksanakan kerja praktik di Traveloka akan menggunakan teknologi terbaru dan dibimbing oleh mentor-mentor yang berkualitas.</AFTER>
<ERRTYPE>SPLIT</ERRTYPE>
</PAIR>

<PAIR>
<BEFORE>Setelah memutuskan untuk mendaftar Traveloka, penulis pun menghubungi salah satu pegawai Traveloka yaitu Elsa Anggraini Darwin (Fasilkom 2010) dan menyampaikan maksud dari penulis.</BEFORE>
<AFTER>Setelah memutuskan untuk mengajukan lamaran ke Traveloka, penulis pun menghubungi salah seorang pegawai Traveloka yaitu Elsa Anggraini Darwin (Fasilkom 2010).</AFTER>
<ERRTYPE>SPLIT</ERRTYPE>
</PAIR>

<PAIR>
<BEFORE>Pada tahap pertama, penulis diberikan empat soal.</BEFORE>
<AFTER>Wawancara di Traveloka terdiri dari dua tahap.</AFTER>
<ERRTYPE>SPLIT</ERRTYPE>
</PAIR>

<PAIR>
<BEFORE>Dua soal pertama merupakan pertanyaan seputar pemrograman, dan dua soal lainnya merupakan analisis mengenai penggunaan data dalam membantu perusahaan untuk menyelesaikan kasus-kasus tertentu.</BEFORE>
<AFTER>Dua soal pertama merupakan pertanyaan seputar pemrograman dan dua soal lainnya merupakan analisis mengenai penggunaan data dalam membantu perusahaan untuk menyelesaikan kasus-kasus tertentu.</AFTER>
<ERRTYPE>PUNCT</ERRTYPE>
</PAIR>

<PAIR>
<BEFORE>Pada wawancara ini, penulis diwawancarai oleh <it>Marketing</it> <it>Technology</it> <it>Lead.</it> Pada tahap ini, penulis diberikan tiga jenis pertanyaan.</BEFORE>
<AFTER>Pada wawancara tahap kedua, penulis diwawancarai oleh <it>Marketing</it> <it>Technology</it> <it>Lead</it> dan diberikan tiga jenis pertanyaan.</AFTER>
<ERRTYPE>SPLIT</ERRTYPE>
</PAIR>

<PAIR>
<BEFORE>Pertanyaan pertama adalah sedikit mengenai kehidupan di kampus seperti aktivitas dan mata kuliah yang disukai.</BEFORE>
<AFTER>Pertanyaan pertama adalah eksplorasin mengenai kehidupan di kampus seperti aktivitas dan mata kuliah yang disukai.</AFTER>
<ERRTYPE>ITALIC</ERRTYPE>
</PAIR>

<PAIR>
<BEFORE>Pertanyaan jenis kedua adalah pertanyaan pemrograman, lebih mudah dari pada pertanyaan pada tahap pertama.</BEFORE>
<AFTER>Dua jenis pertanyaan lainnya adalah pertanyaan pemrograman dan pertanyaan analisis.</AFTER>
<ERRTYPE>SPLIT</ERRTYPE>
</PAIR>

<PAIR>
<BEFORE>Sebagai <it>data-driven</it> <it>company,</it> segala keputusan bisnis yang ada di Traveloka harus berdasarkan data yang ada.</BEFORE>
<AFTER>Sebagai <it>data-driven</it> <it>company,</it> segala keputusan bisnis yang ada di Traveloka harus didasari oleh data yang ada.</AFTER>
<ERRTYPE>SPLIT</ERRTYPE>
</PAIR>

<PAIR>
<BEFORE>Hasil pengukuran ini kemudian akan digunakan sebagai bahan pertimbangan perencanaan pemasangan TVC oleh tim <it>Media</it> <it>Planner.</it> Saat penulis memulai kerja praktik, perhitungan efektivitas dari TVC sudah dilakukan oleh Traveloka namun belum secara otomatis dan bersifat <it>adhoc</it> sehingga tidak memungkinkan untuk dilakukan visualisasi terhadap hasil perhitungan tersebut.</BEFORE>
<AFTER>Hasil pengukuran ini kemudian akan digunakan sebagai bahan pertimbangan perencanaan pemasangan TVC oleh tim <it>Media</it> <it>Planner.</it> Saat penulis memulai kerja praktik, perhitungan efektivitas dari TVC sudah dilakukan oleh Traveloka tetapi belum secara otomatis dan bersifat <it>adhoc</it> sehingga tidak memungkinkan untuk dilakukan visualisasi terhadap hasil perhitungan tersebut.</AFTER>
<ERRTYPE>SPLIT</ERRTYPE>
</PAIR>

<PAIR>
<BEFORE>Selain itu, meskipun tim <it>Media</it> <it>Planner</it> membutuhkan data efektivitas dari TVC setiap hari untuk merencanakan TVC keesokan harinya, namun perhitungan efektivitas tersebut dilakukan secara mingguan.</BEFORE>
<AFTER>Selain itu, meskipun tim <it>Media</it> <it>Planner</it> setiap harinya membutuhkan data efektivitas TVC untuk merencanakan TVC keesokan hari, perhitungan efektivitas TVC dilakukan dengan frekuensi mingguan.</AFTER>
<ERRTYPE>SPLIT</ERRTYPE>
</PAIR>

<PAIR>
<BEFORE>Hasil visualisasi ini kemudian digunakan oleh tim <it>Media</it> <it>Planner</it> untuk mendapakan <it>insight</it> terkait TVC dengan memanfaatkan data historis dari efektivitas TVC tersebut, untuk kemudian membuat keputusan terkait perencanaan TVC keesokan hari.</BEFORE>
<AFTER>Hasil visualisasi ini kemudian digunakan oleh tim <it>Media</it> <it>Planner</it> untuk mendapatkan <it>insight</it> terkait TVC dengan memanfaatkan data historis dari efektivitas TVC tersebut, untuk kemudian membuat keputusan terkait perencanaan TVC keesokan hari.</AFTER>
<ERRTYPE>SPLIT</ERRTYPE>
</PAIR>

<PAIR>
<BEFORE>DBMS ini didesain agar dapat melakukan agregasi data dan <it>query</it> dengan sangat cepat, relatif terhadap DBMS lainnya.</BEFORE>
<AFTER>DBMS ini didesain agar dapat melakukan agregasi data dan <it>query</it> dengan sangat cepat, jika dibandingkan dengan DBMS lainnya.</AFTER>
<ERRTYPE>ITALIC</ERRTYPE>
</PAIR>

<PAIR>
<BEFORE>Selama proyek kerja praktik, penulis menggunakan <it>tools</it> T untuk membuat <it>swimlane</it> diagram, <it>script</it> <it>flow,</it> ERD, dan diagram lainnya.</BEFORE>
<AFTER>Selama proyek kerja praktik, penulis menggunakan T untuk membuat <it>swimlane</it> diagram, <it>script</it> <it>flow,</it> ERD, dan diagram lainnya.</AFTER>
<ERRTYPE>ITALIC</ERRTYPE>
</PAIR>

<PAIR>
<BEFORE>Penulis telah melaksanakan kerja praktik selama tiga bulan di Traveloka dengan posisi <it>Marketing</it> <it>Technology</it> <it>Intern</it> pada divisi <it>Marketing</it> <it>Technology</it> yang berada di bawah departement <it>Marketing</it> <it>Analytics.</it> Selama menjalani kerja praktik, penulis diberikan tanggung jawab untuk mengotomatiskan proses pengelolaan data TVC dan melakukan visualisasi terhadap hasil perhitungan efektivitas dari TVC tersebut.</BEFORE>
<AFTER>Penulis telah melaksanakan kerja praktik selama tiga bulan di Traveloka dengan posisi <it>Marketing</it> <it>Technology</it> <it>Intern</it> pada divisi <it>Marketing</it> <it>Technology</it> yang berada di bawah departement <it>Marketing</it> <it>Analytics.</it> Selama menjalani kerja praktik, penulis diberikan tanggung jawab untuk mengotomasi proses pengelolaan data TVC dan melakukan visualisasi terhadap hasil perhitungan efektivitas dari TVC tersebut.</AFTER>
<ERRTYPE>SPLIT</ERRTYPE>
</PAIR>

<PAIR>
<BEFORE>Meskipun tidak mudah, pemilihan tempat kerja praktik yang tepat merupakan hal fundamental pada mata kuliah kerja praktik ini.</BEFORE>
<AFTER>Pemilihan tempat kerja praktik yang tepat merupakan hal fundamental.</AFTER>
<ERRTYPE>SPLIT</ERRTYPE>
</PAIR>

<PAIR>
<BEFORE>[1]"About Traveloka.", About Traveloka, 2016. [Online]. Available: https://sites.google.com/a/traveloka.com/working-at-traveloka/about-traveloka [Accessed : 14- Jun- 2016] [2]"Traveloka.com - Careers - Join a world class team in Indonesia!", Traveloka.com, 2016. [Online]. Available: https://www.traveloka.com/careers. [Accessed: 30- Oct- 2016]. </BEFORE>
<AFTER>[1]"About Traveloka.", About Traveloka, 2016. [Online]. Tersedia: https://sites.google.com/a/traveloka.com/working-at-traveloka/about-traveloka [Diakses : 14- Jun- 2016] [2]"Traveloka.com - Careers - Join a world class team in Indonesia!", Traveloka.com, 2016. [Online]. Tersedia: https://www.traveloka.com/careers. [Diakses: 30- Okt- 2016]. </AFTER>
<ERRTYPE>SPLIT</ERRTYPE>
</PAIR>

<PAIR>
<BEFORE>Available: https://sites.google.com/a/traveloka.com/working-at-traveloka/about-traveloka [Accessed : 14- Jun- 2016] [2]"Traveloka.com - Careers - Join a world class team in Indonesia!</BEFORE>
<AFTER>Tersedia: https://sites.google.com/a/traveloka.com/working-at-traveloka/about-traveloka [Diakses : 14- Jun- 2016] [2]"Traveloka.com - Careers - Join a world class team in Indonesia!</AFTER>
<ERRTYPE>SPLIT</ERRTYPE>
</PAIR>

<PAIR>
<BEFORE>Available: https://www.traveloka.com/careers.</BEFORE>
<AFTER>Tersedia: https://www.traveloka.com/careers.</AFTER>
<ERRTYPE>SPLIT</ERRTYPE>
</PAIR>

<PAIR>
<BEFORE>[Accessed: 30- Oct- 2016].</BEFORE>
<AFTER>[Diakses: 30- Okt- 2016].</AFTER>
<ERRTYPE>SPLIT</ERRTYPE>
</PAIR>

<PAIR>
<BEFORE>Oleh karena itu pelaksana kerja praktik memiliki pertimbangan untuk mencari tempat kerja praktik yang bisa memberikan pengalaman yang lebih bagi pelaksana kerja praktik.</BEFORE>
<AFTER>Oleh karena itu, pelaksana kerja praktik memiliki pertimbangan untuk mencari tempat kerja praktik yang bisa memberikan pengalaman yang lebih bagi pelaksana kerja praktik.</AFTER>
<ERRTYPE>ITALIC</ERRTYPE>
</PAIR>

<PAIR>
<BEFORE>Pekerjaan yang diminati oleh pelaksana kerja praktik adalah <it>Data</it> <it>Analyst,</it> <it>Business</it> <it>Development</it> atau <it>System</it> <it>Analyst.</it> Proses pencarian kerja praktik pelaksana kerja praktik dimulai dengan cara melamar ke beberapa startup seperti Traveloka, Kudo, dll.</BEFORE>
<AFTER>Pekerjaan yang diminati oleh pelaksana kerja praktik adalah <it>data</it> <it>analytics,</it> <it>business</it> <it>development</it> atau <it>system</it> <it>analyst.</it> Proses pencarian kerja praktik pelaksana kerja praktik dimulai dengan cara melamar ke beberapa <it>startup</it> seperti Traveloka, Kudo, dll.</AFTER>
<ERRTYPE>SPLIT</ERRTYPE>
</PAIR>

<PAIR>
<BEFORE>Selain itu bila pada website perusahaan tersebut tidak memiliki halaman penerimaan, pelaksana kerja praktik mengirim <it>e-mail</it> yang ditunjukan kepada <it>e-mail</it> perusahaan tersebut, baik <it>e-mail</it> penerimaan ataupun email informasi.</BEFORE>
<AFTER>Selain itu, bila pada <it>website</it> perusahaan tersebut tidak memiliki halaman penerimaan, pelaksana kerja praktik mengirim <it>e-mail</it> yang ditunjukan kepada <it>e-mail</it> perusahaan tersebut, baik <it>e-mail</it> penerimaan ataupun email informasi.</AFTER>
<ERRTYPE>ITALIC</ERRTYPE>
</PAIR>

<PAIR>
<BEFORE>Pada proses melamar ini pelaksana kerja praktik melampirkan <it>Curicullum</it> <it>Vitae</it> <it>(CV)</it> yang berisi biodata, kemampuan, dan pengalaman yang dimiliki pelaksana kerja praktik.</BEFORE>
<AFTER>Pada proses melamar ini, pelaksana kerja praktik melampirkan <it>Curicullum</it> <it>Vitae(CV)</it> yang berisi biodata, kemampuan, dan pengalaman yang dimiliki pelaksana kerja praktik.</AFTER>
<ERRTYPE>ITALIC</ERRTYPE>
</PAIR>

<PAIR>
<BEFORE><it>E-mail</it> tersebut dibalas kurang dari setengah jam dari pelaksana kerja praktik mengirimkan <it>e-mail,</it> dan menunjukan ketertarikan dan mengundang untuk <it>interview.</it> Proses <it>interview</it> membahas pengalaman dan kemampuan teknis yang pelaksana kerja praktik miliiki dan yang perusahaan butuhkan.</BEFORE>
<AFTER><it>E-mail</it> tersebut dibalas kurang dari setengah jam dari pelaksana kerja praktik mengirimkan <it>e-mail.</it> Isi <it>e-mail</it> balasan tersebut menunjukan ketertarikan dari pihak GO-JEK dan mengundang untuk sesi <it>interview.</it> Proses <it>interview</it> membahas pengalaman dan kemampuan teknis yang pelaksana kerja praktik miliiki dan yang perusahaan butuhkan.</AFTER>
<ERRTYPE>SPLIT</ERRTYPE>
</PAIR>

<PAIR>
<BEFORE>Pada akhirnya pelaksana kerja praktik diterima di GO- JEK sebagai <it>Business</it> <it>Intelligence</it> <it>Intern.</it></BEFORE>
<AFTER>Pada akhirnya pelaksana kerja praktik diterima di GO-JEK sebagai <it>Business</it> <it>Intelligence</it> <it>Intern.</it></AFTER>
<ERRTYPE>SPLIT</ERRTYPE>
</PAIR>

<PAIR>
<BEFORE>GO-JEK merupakan sebuah <it>startup</it> teknologi informasi yang sedang berkembang dengan pesat.</BEFORE>
<AFTER>GO-JEK merupakan sebuah startup teknologi informasi yang sedang berkembang dengan pesat.</AFTER>
<ERRTYPE>PUNCT</ERRTYPE>
</PAIR>

<PAIR>
<BEFORE>Perkembangan ini ditandai dengan banyaknya mitra pengendara ojek dan layanan yang sudah lebih dari sepuluh kota di Indonesia.</BEFORE>
<AFTER>Perkembangan ini ditandai dengan banyaknya mitra pengendara ojek dan layanan yang sudah ada di lebih dari sepuluh kota di Indonesia.</AFTER>
<ERRTYPE>ITALIC</ERRTYPE>
</PAIR>

<PAIR>
<BEFORE>Oleh karena itulah dalam mengambil keputusan, perusahaan harus benar-benar cermat dan hati-hati.</BEFORE>
<AFTER>Oleh karena itu, perusahaan dalam mengambil keputusan harus benar-benar cermat dan hati- hati.</AFTER>
<ERRTYPE>SPLIT</ERRTYPE>
</PAIR>

<PAIR>
<BEFORE>Divisi <it>Business</it> <it>Intelligence</it> memiliki peran untuk mendukung perusahaan dalam mengambil keputusan berdasarkan <it>insight</it> dari data yang diolah dan dianalisis secara mendalam.</BEFORE>
<AFTER>Divisi <it>Business</it> <it>Intelligence</it> inilah yang memiliki peran mendukung perusahaan dalam mengambil keputusan berdasarkan <it>insight</it> dari data yang dianalisis secara mendalam.</AFTER>
<ERRTYPE>ITALIC</ERRTYPE>
</PAIR>

<PAIR>
<BEFORE>Dengan <it>backlog</it> yang cukup banyak, pelaksana kerja praktik bersama tim <it>intern</it> yang lain melakukan diskusi untuk menentukan prioritas pekerjaan.</BEFORE>
<AFTER>Dengan <it>backlog</it> yang cukup banyak, pelaksana kerja praktik bersama tim <it>intern</it> yang lain melakukan diskusi untuk menentukan prioritas pekerjaan dan penanggung jawab pekerjaan.</AFTER>
<ERRTYPE>SPLIT</ERRTYPE>
</PAIR>

<PAIR>
<BEFORE>Banyaknya hal baru yang butuh dipelajari untuk menyelesaikan pekerjaan, membuat pelaksana kerja praktik harus menyempatkan waktu tambahan untuk belajar hal-hal baru, baik dari <it>team</it> <it>business</it> <it>intelligence,</it> membaca buku, membaca artikel, atau melihat video tutorial.</BEFORE>
<AFTER>Banyaknya hal baru yang butuh dipelajari untuk menyelesaikan pekerjaan, membuat pelaksana kerja praktik harus menyempatkan waktu tambahan untuk belajar hal- hal baru, baik dari <it>team</it> <it>business</it> <it>intelligence,</it> membaca buku, membaca artikel, atau melihat video tutorial.</AFTER>
<ERRTYPE>SPLIT</ERRTYPE>
</PAIR>

<PAIR>
<BEFORE>Banyak hal yang tidak dipelajari di kelas pelaksana kerja praktik dapat selama masa kerja praktik.</BEFORE>
<AFTER>Banyak hal yang tidak dipelajari di kelas, pelaksana kerja praktik dapat selama masa kerja praktik.</AFTER>
<ERRTYPE>SPLIT</ERRTYPE>
</PAIR>

<PAIR>
<BEFORE>Namun karena pertimbangan jarak tempat yang cukup jauh dari domisili penulis di Depok, akhirnya penulis memutuskan untuk tidak melanjutkan ke tahapan tes wawancara.</BEFORE>
<AFTER>Namun, karena pertimbangan jarak tempat yang cukup jauh dari domisili penulis di Depok, akhirnya penulis memutuskan untuk tidak melanjutkan ke tahapan tes wawancara.</AFTER>
<ERRTYPE>PUNCT</ERRTYPE>
</PAIR>

<PAIR>
<BEFORE>Selanjutnya penulis dipanggil untuk mengikuti seleksi di PLN <it>corporate</it> <it>university</it> sebagai <it>web</it> <it>developer,</it> namun karena pertimbangan posisi yang kurang diminati, penulis akhirnya memutuskan untuk tidak melanjutkan proses seleksi.</BEFORE>
<AFTER>Selanjutnya penulis dipanggil untuk mengikuti seleksi di PLN <it>Corporate</it> <it>University</it> sebagai <it>web</it> <it>developer.</it> Namun, karena pertimbangan posisi yang kurang diminati, penulis akhirnya memutuskan untuk tidak melanjutkan proses seleksi.</AFTER>
<ERRTYPE>SPLIT</ERRTYPE>
</PAIR>

<PAIR>
<BEFORE>Proses melamar hingga akhirnya diterima di Kudo sebagai <it>quality</it> <it>assurance</it> <it>analyst</it> <it>intern</it> tidak terlalu lama sekitar 1 bulan.</BEFORE>
<AFTER>Proses melamar hingga akhirnya diterima di Kudo sebagai <it>quality</it> <it>assurance</it> <it>analyst</it> <it>intern</it> tidak terlalu lama sekitar satu bulan.</AFTER>
<ERRTYPE>SPLIT</ERRTYPE>
</PAIR>

<PAIR>
<BEFORE>Pada awalnya, penulis memperoleh informasi dari <it>broadcast</it> <it>message</it> dari salah satu teman, bahwa Kudo sedang mengadakan seleksi <it>Kudo</it> <it>Academy</it> <it>Program</it> 2016 <it>batch</it> 2 yaitu program magang untuk mahasiswa di bidang bisnis dan teknologi.</BEFORE>
<AFTER>Pada awalnya, penulis memperoleh informasi dari <it>broadcast</it> <it>message</it> dari salah satu teman, bahwa Kudo sedang mengadakan seleksi Kudo <it>Academy</it> <it>Program</it> 2016 yaitu program magang untuk mahasiswa di bidang bisnis dan teknologi.</AFTER>
<ERRTYPE>ITALIC</ERRTYPE>
</PAIR>

<PAIR>
<BEFORE>Penulis kemudian tertarik dengan posisi <it>quality</it> <it>assurance</it> <it>analyst</it> karena lebih menekankan pada kemampuan analisis, namun masih memiliki <it>background</it> teknologi.</BEFORE>
<AFTER>Penulis kemudian tertarik dengan posisi <it>quality</it> <it>assurance</it> <it>analyst</it> karena lebih menekankan pada kemampuan analisis, tetapi masih memiliki <it>background</it> teknologi.</AFTER>
<ERRTYPE>SPLIT</ERRTYPE>
</PAIR>

<PAIR>
<BEFORE>Setelah 2 minggu menunggu, penulis belum juga mendapat konfirmasi balasan terkait lamaran, sehingga penulis kembali mengirim <it>follow</it> <it>up</it> <it>email</it> untuk menanyakan status lamaran yang dikirim.</BEFORE>
<AFTER>Setelah dua minggu menunggu, penulis belum juga mendapat konfirmasi balasan terkait lamaran, sehingga penulis kembali mengirim <it>follow</it> <it>up</it> <it>email</it> untuk menanyakan status lamaran yang dikirim.</AFTER>
<ERRTYPE>SPLIT</ERRTYPE>
</PAIR>

<PAIR>
<BEFORE>Sehari setelahnya, pihak Kudo menghubungi penulis melalui telepon namun sayangnya telefon tersebut terlewatkan dan tidak terjawab.</BEFORE>
<AFTER>Sehari setelahnya, pihak Kudo menghubungi penulis melalui telepon tetapi sayangnya tidak terjawab.</AFTER>
<ERRTYPE>TYPO</ERRTYPE>
</PAIR>

<PAIR>
<BEFORE>Kemudian penulis mulai menghubungi pihak Kudo terkait panggilan yang terlewat tersebut baik melalui <it>email</it> maupun mencoba menelefon balik, namun tidak ada jawaban.</BEFORE>
<AFTER>Kemudian penulis mulai menghubungi pihak Kudo terkait panggilan yang terlewat tersebut melalui <it>email</it> tetapi tidak ada jawaban.</AFTER>
<ERRTYPE>SPLIT</ERRTYPE>
</PAIR>

<PAIR>
<BEFORE>Akhirnya setelah menunggu 2 hari tepatnya pada tanggal 2 mei 2016, akhirnya pihak Kudo kembali menghubungi penulis dan mengabarkan bahwa penulis lolos untuk seleksi administrasi dan mengundang penulis untuk melakukan tes wawancara yang dijadwalkan keesokan harinya yaitu tanggal 3 mei 2016 di kantor Kudo daerah Radio Dalam, Jakarta Selatan.</BEFORE>
<AFTER>Akhirnya setelah menunggu dua hari tepatnya pada tanggal 2 Mei 2016, akhirnya pihak Kudo kembali menghubungi penulis dan mengabarkan bahwa penulis lolos untuk seleksi administrasi dan mengundang penulis untuk melakukan tes wawancara yang dijadwalkan keesokan harinya yaitu tanggal 3 Mei 2016 di kantor Kudo daerah Radio Dalam, Jakarta Selatan.</AFTER>
<ERRTYPE>CAPITAL</ERRTYPE>
</PAIR>

<PAIR>
<BEFORE>Pada pelaksanaan kerja praktik ini penulis ditempatkan pada divisi <it>quality</it> <it>assurance</it> yang merupakan bagian dari bidang teknologi di Kudo. Divisi <it>quality</it> <it>assurance</it> bertanggung jawab dalam memastikan kualitas produk yang dikembangkan oleh divisi bidang teknologi lainnya baik produk untuk operasional internal Kudo maupun produk yang dirilis ke publik. Berikut posisi penempatan penulis selama pelaksanaan kerja praktik dalam struktur organisasi Kudo.  Head of Data Scientist Head of Quality Assurance </BEFORE>
<AFTER>Pada pelaksanaan kerja praktik ini penulis ditempatkan pada divisi <it>quality</it> <it>assurance</it> yang merupakan bagian dari bidang teknologi di Kudo. Divisi <it>quality</it> <it>assurance</it> bertanggung jawab dalam memastikan kualitas produk yang dikembangkan oleh divisi bidang teknologi lainnya baik produk untuk operasional internal Kudo maupun produk yang dirilis ke publik. Berikut posisi penempatan penulis selama pelaksanaan kerja praktik dalam struktur organisasi Kudo. Head of Data Scientist Head of Quality Assurance </AFTER>
<ERRTYPE>SPLIT</ERRTYPE>
</PAIR>

<PAIR>
<BEFORE>Selama bekerja kurang lebih 2,5 bulan di Kudo, penulis mendapat bimbingan dari mentor untuk mengerjakan semua tugas yang diberikan.</BEFORE>
<AFTER>Selama bekerja kurang lebih dua bulan di Kudo, penulis mendapat bimbingan dari mentor untuk mengerjakan semua tugas yang diberikan.</AFTER>
<ERRTYPE>ITALIC</ERRTYPE>
</PAIR>

<PAIR>
<BEFORE>Selain itu, penulis juga ditempatkan bersama tim sesama peserta magang lainnya yang diberi tanggung jawab mengerjakan proyek khusus yaitu aplikasi kudo field officer.</BEFORE>
<AFTER>Selain itu, penulis juga ditempatkan bersama tim sesama peserta magang lainnya yang diberi tanggung jawab mengerjakan proyek khusus yaitu FO app.</AFTER>
<ERRTYPE>ITALIC</ERRTYPE>
</PAIR>

<PAIR>
<BEFORE>Di akhir masa kerja praktik, penulis bersama anggota tim lainnya diwajibkan untuk melakukan presentasi mengenai hasil proyek yang sudah dikerjakan.</BEFORE>
<AFTER>Di akhir masa kerja praktik, penulis bersama anggota tim FO app lainnya diwajibkan untuk melakukan presentasi mengenai hasil proyek yang sudah dikerjakan.</AFTER>
<ERRTYPE>ITALIC</ERRTYPE>
</PAIR>

<PAIR>
<BEFORE>Berikut sistematika kerja yang diterapkan pada divisi <it>quality</it> <it>assurance.</it> 1.</BEFORE>
<AFTER>Penulis bekerja bersama anggota divisi <it>quality</it> <it>assurance</it> lainnya.</AFTER>
<ERRTYPE>SPLIT</ERRTYPE>
</PAIR>

<PAIR>
<BEFORE>Pelaksanaan kerja praktik dilakukan selama 2 bulan mulai tanggal 13 Juni 2016 hingga 12 Agustus 2016. Pada bagian ini akan dibahas mengenai kesesuaian dan perbedaan pelaksanaan kerja praktik sesungguhnya dengan KAKP, kendala yang dihadapi penulis selama kerja praktik, serta relevansi kerja praktik dengan apa yang sudah diterima selama perkuliahan di Fakultas Ilmu Komputer UI. </BEFORE>
<AFTER>Pelaksanaan kerja praktik dilakukan selama dua bulan mulai tanggal 13 Juni 2016 hingga 12 Agustus 2016. Secara lebih detail, pada bagian ini akan dibahas mengenai kesesuaian dan perbedaan pelaksanaan kerja praktik sesungguhnya dengan KAKP, kendala yang dihadapi penulis selama kerja praktik, serta relevansi kerja praktik dengan apa yang sudah diterima selama perkuliahan di Fakultas Ilmu Komputer UI. </AFTER>
<ERRTYPE>SPLIT</ERRTYPE>
</PAIR>

<PAIR>
<BEFORE>Pelaksanaan kerja praktik dilakukan selama 2 bulan mulai tanggal 13 Juni 2016 hingga 12 Agustus 2016.</BEFORE>
<AFTER>Pelaksanaan kerja praktik dilakukan selama dua bulan mulai tanggal 13 Juni 2016 hingga 12 Agustus 2016.</AFTER>
<ERRTYPE>ITALIC</ERRTYPE>
</PAIR>

<PAIR>
<BEFORE>Beberapa perusahaan yang sempat menarik perhatian saya adalah Bukalapak dan Tokopedia.</BEFORE>
<AFTER>Beberapa perusahaan yang sempat menarik perhatian penulis adalah Bukalapak dan Tokopedia.</AFTER>
<ERRTYPE>SPLIT</ERRTYPE>
</PAIR>

<PAIR>
<BEFORE>Setelah diterima di Bukalapak, penulis sempat mencari beberapa informasi lain mengenai tempat kerja praktik, tetapi tidak sampai tahap melamar dikarenakan beberapa hal.</BEFORE>
<AFTER>Setelah diterima di Bukalapak, penulis sempat mencari beberapa informasi mengenai tempat lainnya untuk kerja praktik, tetapi tidak sampai tahap melamar dikarenakan beberapa hal.</AFTER>
<ERRTYPE>ITALIC</ERRTYPE>
</PAIR>

<PAIR>
<BEFORE>Kerja praktik di Bukalapak di mulai pada 13 Juni 2016 hingga 26 Agustus 2016.</BEFORE>
<AFTER>Kerja praktik di Bukalapak dimulai pada 13 Juni 2016 hingga 26 Agustus 2016.</AFTER>
<ERRTYPE>PUNCT</ERRTYPE>
</PAIR>

<PAIR>
<BEFORE>Selama masa kerja praktik, penulis menggunakan beberapa teknologi yang memudahkan penulis dalam menyelesaikan tugas yang diberikan. Teknologi tersebut dapat dilihat pada tabel 1. No Teknologi Fungsi Objective-C Bahasa untuk mengembangkan aplikasi iOS Swift Xcode Github Bahasa alternatif untuk mengembangkan aplikasi iOS <it>Integrated</it> <it>Development</it> <it>Environment</it> (IDE) <it>Repository,</it> <it>Version</it> <it>Control</it> SourceTree Git <it>Client</it></BEFORE>
<AFTER>Selama masa kerja praktik, penulis menggunakan beberapa teknologi yang memudahkan penulis dalam menyelesaikan tugas yang diberikan. Teknologi tersebut dapat dilihat pada Tabel 1. Tabel 1. Teknologi yang Digunakan Tim iOS Bukalapak No Teknologi Fungsi Objective-C Bahasa untuk mengembangkan aplikasi iOS Swift Xcode Github Bahasa alternatif untuk mengembangkan aplikasi iOS <it>Integrated</it> <it>Development</it> <it>Environment</it> (IDE) <it>Repository,</it> <it>Version</it> <it>Control</it> SourceTree Git <it>Client</it></AFTER>
<ERRTYPE>SPLIT</ERRTYPE>
</PAIR>

<PAIR>
<BEFORE>Penulis sendiri menginginkan kerja praktik di perusahaan korporat yang bergerak IT dengan alasan ingin mencari pengalaman baru karena sebelumnya penulis pernah melakukan kerja praktik di <it>startup.</it> Penulis memulai proses pencarian tempat kerja praktik pada bulan Februari 2016.</BEFORE>
<AFTER>Penulis sendiri menginginkan kerja praktik di perusahaan korporat yang bergerak di bidang IT dengan alasan ingin mencari pengalaman baru karena sebelumnya penulis pernah melakukan kerja praktik di <it>startup.</it> Penulis memulai proses pencarian tempat kerja praktik pada bulan Februari 2016.</AFTER>
<ERRTYPE>SPLIT</ERRTYPE>
</PAIR>

<PAIR>
<BEFORE>Saat itu, penulis memiliki beberapa target tempat kerja praktik yaitu perusahaan korporat di bidang IT dan Kantor Akuntan Publik (KAP).</BEFORE>
<AFTER>Saat itu, penulis memiliki target tempat kerja praktik yaitu perusahaan korporat di bidang IT dan Kantor Akuntan Publik (KAP).</AFTER>
<ERRTYPE>ITALIC</ERRTYPE>
</PAIR>

<PAIR>
<BEFORE>Penulis berperan sebagai <it>software</it> <it>engineering</it> <it>intern</it> pada divisi <it>infrastructure</it> dan <it>architecture</it> dengan penyelia Ardin Fardiansyah.</BEFORE>
<AFTER>Penulis berperan sebagai ​<it>software</it> <it>engineering</it> <it>intern</it> pada divisi ​<it>infrastructure</it>     dan <it>architecture</it> dengan penyelia Ardin Fardiansyah.</AFTER>
<ERRTYPE>ITALIC</ERRTYPE>
</PAIR>

<PAIR>
<BEFORE>Secara singkat, Bukalapak memiliki seorang pemimpin yang disebut sebagai <it>President,</it> <it>President</it> ini yang kemudian membawahi <it>Chief</it> <it>Technology</it> <it>Officer</it> (CTO) dan <it>Chief</it> <it>Operation</it> <it>Officer</it> (COO).</BEFORE>
<AFTER>Secara singkat, Bukalapak memiliki seorang pemimpin yang disebut sebagai , ​<it>President</it> ini yang kemudian membawahi ​<it>Chief</it> <it>Technology</it> <it>Officer</it> <it>President</it> (CTO) dan ​<it>Chief</it> <it>Operation</it> <it>Officer</it>   (COO).</AFTER>
<ERRTYPE>SPLIT</ERRTYPE>
</PAIR>

<PAIR>
<BEFORE>Secara umum, tidak terdapat perbedaan antara Kerangka Acuan Kerja Praktik (KAKP) dan apa yang sudah penulis kerjakan selama Kerja Praktik (KP).</BEFORE>
<AFTER>tidak terdapat perbedaan antara Kerangka Acuan Kerja Secara umum, Praktik (KAKP) dan apa yang sudah penulis kerjakan selama Kerja Praktik (KP).</AFTER>
<ERRTYPE>ITALIC</ERRTYPE>
</PAIR>

<PAIR>
<BEFORE>Dalam KAKP, awalnya, penulis hanya diminta untuk melakukan pembuatan <it>prototyping</it> sistem <it>logging</it> yang dapat digunakan untuk <it>infrastructure</it> terbaru yang akan digunakan oleh Bukalapak, namun seiring dengan berjalannya waktu KP, penulis diminta untuk membantu proses <it>scaling</it> dengan mencari solusi bagi <it>bottleneck</it> yang mungkin timbul dalam upaya pengembangan sistem tersebut.</BEFORE>
<AFTER>Dalam KAKP, awalnya, penulis hanya diminta untuk melakukan proses ​<it>prototyping</it> sistem ​<it>logging</it> yang dapat digunakan untuk ​<it>infrastructure</it>   terbaru yang akan digunakan oleh Bukalapak, namun seiring dengan   berjalannya waktu KP, penulis diminta untuk membantu proses ​<it>scaling</it>   dengan mencari solusi bagi ​<it>bottleneck</it> yang mungkin timbul dalam upaya     pengembangan sistem tersebut.</AFTER>
<ERRTYPE>SPLIT</ERRTYPE>
</PAIR>

<PAIR>
<BEFORE>Pembuatan konfigurasi <it>metrics</it> dan <it>dashboard</it> yang dapat digunakan untuk melihat hasil <it>stress</it> <it>testing.</it> 7.</BEFORE>
<AFTER>Pembuatan konfigurasi ​<it>metrics</it> dan ​<it>dashboard</it> untuk melihat hasil ​<it>stress</it> <it>testing.</it> yang sedang dikembangkan.</AFTER>
<ERRTYPE>SPLIT</ERRTYPE>
</PAIR>

<PAIR>
<BEFORE>Masalah utama dari pemrosesan transfer dalam konteks penunjangan layanan <it>online</it> saat ini adalah, bank tidak memiliki <it>application</it> <it>programming</it> <it>interface</it> (API) atau metode apapun bagi pihak luar untuk berkomunikasi dengan sistem mutasi mereka.</BEFORE>
<AFTER>Masalah utama dari pemrosesan transfer dalam konteks penunjangan layanan <it>online</it> saat ini adalah bank tidak memiliki <it>application</it> <it>programming</it> <it>interface</it> (API) atau metode apapun bagi pihak luar untuk berkomunikasi dengan sistem mutasi mereka.</AFTER>
<ERRTYPE>SPLIT</ERRTYPE>
</PAIR>

<PAIR>
<BEFORE>Pada situasi normal yang diharapkan, waktu dari pengguna selesai melakukan transfer hingga mendapat konfirmasi dari sistem adalah sekitar satu menit, dengan asumsi tidak terdapat kendala pada sistem, baik milik Traveloka (sistem <it>payment</it> dan <it>booking)</it> maupun maskapai atau hotel yang bersangkutan.</BEFORE>
<AFTER>Pada situasi normal yang diharapkan, waktu dari pengguna selesai melakukan transfer hingga mendapat konfirmasi pemesanan adalah sekitar satu menit dengan asumsi tidak terdapat kendala pada sistem Traveloka (sistem <it>payment</it> dan <it>booking)</it> serta sistem maskapai atau hotel yang bersangkutan.</AFTER>
<ERRTYPE>SPLIT</ERRTYPE>
</PAIR>

<PAIR>
<BEFORE>Traveloka memiliki jam kerja fleksibel untuk hampir seluruh divisi kecuali tim operasional. Penulis bekerja dari sekitar pukul 10 pagi hingga pukul 6 petang. Penulis dibimbing oleh seluruh <it>software</it> <it>engineer</it> dari tim <it>payment</it> dan mendapat seorang mentor untuk konsultasi dan pengawasan, yaitu David Bayu Ananda. Setiap minggu, penulis bertemu dengan penyelia, Kemal Darmawan, untuk membicarakan perkembangan, kendala, dan rencana penulis mengenai pekerjaan dan pengembangan diri penulis selama menjalani kerja praktik. Secara umum, lingkungan kerja Traveloka sangat profesional namun tidak hierarkis sehingga siapa pun bisa saling berinteraksi tanpa adanya kecanggungan. Apabila penulis mengalami kendala di luar ranah tim <it>payment,</it> penulis bisa langsung menghubungi orang yang relevan tanpa pernah mendapat penolakan. </BEFORE>
<AFTER>Traveloka memiliki jam kerja fleksibel untuk hampir seluruh divisi kecuali tim operasional. Penulis bekerja dari sekitar pukul 10 pagi hingga pukul 6 petang. Penulis dibimbing oleh seluruh <it>software</it> <it>engineer</it> dari tim <it>payment</it> dan mendapat seorang mentor untuk konsultasi dan pengawasan, yaitu David Bayu Ananda. Setiap minggu, penulis bertemu dengan penyelia, Kemal Darmawan, untuk membicarakan perkembangan, kendala, dan rencana penulis mengenai pekerjaan dan pengembangan diri penulis selama menjalani kerja praktik. Lingkungan kerja Traveloka sangat profesional tetapi tidak hierarkis sehingga siapa pun bisa saling berinteraksi tanpa adanya kecanggungan. Apabila penulis mengalami kendala di luar ranah tim <it>payment,</it>penulis bisa langsung menghubungi orang yang relevan tanpa pernah mendapat penolakan. </AFTER>
<ERRTYPE>SPLIT</ERRTYPE>
</PAIR>

<PAIR>
<BEFORE>Secara umum, lingkungan kerja Traveloka sangat profesional namun tidak hierarkis sehingga siapa pun bisa saling berinteraksi tanpa adanya kecanggungan.</BEFORE>
<AFTER>Lingkungan kerja Traveloka sangat profesional tetapi tidak hierarkis sehingga siapa pun bisa saling berinteraksi tanpa adanya kecanggungan.</AFTER>
<ERRTYPE>PARAPHRASE</ERRTYPE>
</PAIR>

<PAIR>
<BEFORE>Apabila penulis mengalami kendala di luar ranah tim <it>payment,</it> penulis bisa langsung menghubungi orang yang relevan tanpa pernah mendapat penolakan.</BEFORE>
<AFTER>Apabila penulis mengalami kendala di luar ranah tim <it>payment,</it>penulis bisa langsung menghubungi orang yang relevan tanpa pernah mendapat penolakan.</AFTER>
<ERRTYPE>SPLIT</ERRTYPE>
</PAIR>

<PAIR>
<BEFORE>Perancangan  Pemrograman Web dan Jaringan Komputer Seperti yang sudah penulis jabarkan sebelumnya, <it>fetcher</it> banyak menyinggung konsep yang berkaitan dengan internet.</BEFORE>
<AFTER>Perancangan  Pemrograman Web dan Basis Data Seperti yang sudah penulis jabarkan sebelumnya, <it>fetcher</it> banyak menyinggung konsep yang berkaitan dengan internet.</AFTER>
<ERRTYPE>PUNCT</ERRTYPE>
</PAIR>

<PAIR>
<BEFORE>Mata kuliah pemrograman sistem pada dasarnya memperkenalkan konsep dan pemakaian <it>terminal</it> ke mahasiswa.</BEFORE>
<AFTER>Mata kuliah Pemrograman Sistem memperkenalkan konsep dan pemakaian <it>terminal</it> yang sangat bermanfaat bagi penulis.</AFTER>
<ERRTYPE>SPLIT</ERRTYPE>
</PAIR>

<PAIR>
<BEFORE>Dalam rangka memenuhi mata kuliah wajib fakultas, Kerja Praktik, penulis melaksanakan kerja praktik di PT Bukalapak pada 13 Juni 2016 sampai dengan 26 Agustus 2016.</BEFORE>
<AFTER>Laporan kerja praktik ini disusun berdasarkan pengalaman penulis selama melaksanakan kerja praktik di PT Bukalapak pada 13 Juni 2016 sampai dengan 26 Agustus 2016.</AFTER>
<ERRTYPE>SPLIT</ERRTYPE>
</PAIR>

<PAIR>
<BEFORE><bo>Profil</bo> <bo>Tempat</bo> <bo>Kerja</bo> <bo>Praktik</bo> Bukalapak merupakan salah satu <it>online</it> <it>marketplace</it> terkemuka di Indonesia, menyediakan sarana jual-beli dengan model bisnis <it>consumer-to-consumer</it> (C2C) [1].</BEFORE>
<AFTER><bo>Profil</bo> <bo>Tempat</bo> <bo>Kerja</bo> <bo>Praktik</bo> Bukalapak merupakan salah satu <it>online</it> <it>marketplace</it> terkemuka di Indonesia yang menyediakan sarana jual-beli dengan model bisnis <it>consumer-to-consumer</it> (C2C) [1].</AFTER>
<ERRTYPE>SPLIT</ERRTYPE>
</PAIR>

<PAIR>
<BEFORE>Perusahaan yang berdiri sejak 6 tahun lalu ini, dari waktu ke waktu terus melakukan perkembangan baik dari <it>website</it> mau pun <it>customer</it> <it>service.</it> PT Bukalapak sendiri memiliki beberapa sistem pembayaran, yaitu BukaDompet, <it>transfer</it> bank, Kartu Kredit, KlikPay, dan Rekening Ponsel.</BEFORE>
<AFTER>Perusahaan yang berdiri sejak 6 tahun lalu ini dari waktu ke waktu terus melakukan perkembangan dari <it>website</it> dan <it>customer</it> <it>service.</it> PT Bukalapak sendiri memiliki beberapa sistem pembayaran, yaitu BukaDompet, <it>transfer</it> bank, Kartu Kredit, KlikPay, dan Rekening Ponsel.</AFTER>
<ERRTYPE>SPLIT</ERRTYPE>
</PAIR>

<PAIR>
<BEFORE>Dengan fasilitas pembayaran tersebut diharapkan dapat membuat masyarakat semakin terbiasa belanja <it>online</it> dan dapat memberikan kenyamanan, kemudahan, dan keamanan bagi pelanggan atau pembeli dalam proses berbelanja [2].</BEFORE>
<AFTER>Dengan metode pembayaran tersebut diharapkan masyarakat semakin terbiasa belanja <it>online</it> dan dapat memberikan kenyamanan, kemudahan, dan keamanan bagi pelanggan atau pembeli dalam proses berbelanja [2].</AFTER>
<ERRTYPE>ITALIC</ERRTYPE>
</PAIR>

<PAIR>
<BEFORE>Dengan kegiatan-kegiatan yang dilakukan komunitas dapat menambah teman dan rekan bisnis, dengan begitu peluang untuk memasarkan produk menjadi lebih luas [4].</BEFORE>
<AFTER>Dengan kegiatan-kegiatan yang dilakukan komunitas diharapkan dapat menambah teman dan rekan bisnis, dengan begitu peluang untuk memasarkan produk menjadi lebih luas [4].</AFTER>
<ERRTYPE>SPLIT</ERRTYPE>
</PAIR>

<PAIR>
<BEFORE>Di akhir masa kerja praktik yaitu tanggal 26 Agustus 2016 penulis melaksanakan presentasi kepada seluruh <it>engineer</it> Bukalapak.</BEFORE>
<AFTER>Pada akhir masa kerja praktik yaitu tanggal 26 Agustus 2016, penulis melaksanakan presentasi kepada seluruh <it>engineer</it> Bukalapak.</AFTER>
<ERRTYPE>ITALIC</ERRTYPE>
</PAIR>

<PAIR>
<BEFORE><it>1.</it> <it>Task</it> <it>detailing</it> Proses ini adalah proses dimana seluruh anggota tim menentukan <it>backlog</it> dan dilakukan pembobotan untuk setiap <it>backlog.</it> <it>2.</it> <it>Sprint</it> <it>planning</it> <it>Sprint</it> <it>planning</it> ini dilakukan sebelum proses <it>sprint</it> berlangsung.</BEFORE>
<AFTER><it>1.</it> <it>Task</it> <it>detailing</it> Proses ini adalah proses di mana seluruh anggota tim menentukan <it>backlog</it> dan dilakukan pembobotan untuk setiap <it>backlog.</it> <it>2.</it> <it>Sprint</it> <it>planning</it> <it>Sprint</it> <it>planning</it> ini dilakukan sebelum proses <it>sprint</it> berlangsung.</AFTER>
<ERRTYPE>ITALIC</ERRTYPE>
</PAIR>

<PAIR>
<BEFORE>Dalam proses ini dilakukan <it>sprint</it> <it>retrospective</it> dan penentuan <it>backlog</it> yang akan dimasukan ke dalam <it>sprint.</it> <it>3.</it> <it>Sprint</it><it>Sprint</it> merupakan proses pengerjaan <it>sprint</it> <it>backlog</it> yang telah ditentukan ketika <it>sprint</it> <it>planning</it> dan proses ini dilakukan selama 2 minggu.</BEFORE>
<AFTER>Dalam proses ini dilakukan <it>sprint</it> <it>retrospective</it> dan penentuan <it>backlog</it> yang akan dimasukan ke dalam <it>sprint.</it> <it>3.</it> <it>Sprint</it> <it>Sprint</it> merupakan proses pengerjaan <it>sprint</it> <it>backlog</it> yang telah ditentukan ketika <it>sprint</it> <it>planning</it> dan proses ini dilakukan selama 2 minggu.</AFTER>
<ERRTYPE>SPLIT</ERRTYPE>
</PAIR>

</CORPUS>
